2023-01-11 15:48:22
Full thread dump OpenJDK 64-Bit Server VM (25.212-b04 mixed mode):

"Service Thread" #21 daemon prio=9 os_prio=0 tid=0x000000002ddf9800 nid=0xe478 runnable [0x0000000000000000]
   java.lang.Thread.State: RUNNABLE

"C1 CompilerThread14" #20 daemon prio=9 os_prio=2 tid=0x000000002ddb9000 nid=0x80e00 waiting on condition [0x0000000000000000]
   java.lang.Thread.State: RUNNABLE

"C1 CompilerThread13" #19 daemon prio=9 os_prio=2 tid=0x000000002ddb0800 nid=0x26f88 waiting on condition [0x0000000000000000]
   java.lang.Thread.State: RUNNABLE

"C1 CompilerThread12" #18 daemon prio=9 os_prio=2 tid=0x000000002dda4800 nid=0x8f14c waiting on condition [0x0000000000000000]
   java.lang.Thread.State: RUNNABLE

"C1 CompilerThread11" #17 daemon prio=9 os_prio=2 tid=0x000000002dd8c000 nid=0xcf014 runnable [0x0000000000000000]
   java.lang.Thread.State: RUNNABLE

"C1 CompilerThread10" #16 daemon prio=9 os_prio=2 tid=0x000000002dd8b000 nid=0x987fc waiting on condition [0x0000000000000000]
   java.lang.Thread.State: RUNNABLE

"C2 CompilerThread9" #15 daemon prio=9 os_prio=2 tid=0x000000002dd80000 nid=0x646b8 runnable [0x0000000000000000]
   java.lang.Thread.State: RUNNABLE

"C2 CompilerThread8" #14 daemon prio=9 os_prio=2 tid=0x000000002dd66000 nid=0xdea48 runnable [0x0000000000000000]
   java.lang.Thread.State: RUNNABLE

"C2 CompilerThread7" #13 daemon prio=9 os_prio=2 tid=0x000000002dd4b800 nid=0x8de28 waiting on condition [0x0000000000000000]
   java.lang.Thread.State: RUNNABLE

"C2 CompilerThread6" #12 daemon prio=9 os_prio=2 tid=0x000000002dd2e800 nid=0x691c4 waiting on condition [0x0000000000000000]
   java.lang.Thread.State: RUNNABLE

"C2 CompilerThread5" #11 daemon prio=9 os_prio=2 tid=0x000000002dd06000 nid=0x6578 runnable [0x0000000000000000]
   java.lang.Thread.State: RUNNABLE

"C2 CompilerThread4" #10 daemon prio=9 os_prio=2 tid=0x000000002dcf9000 nid=0x4648c runnable [0x0000000000000000]
   java.lang.Thread.State: RUNNABLE

"C2 CompilerThread3" #9 daemon prio=9 os_prio=2 tid=0x000000002dcf5000 nid=0x3e300 waiting on condition [0x0000000000000000]
   java.lang.Thread.State: RUNNABLE

"C2 CompilerThread2" #8 daemon prio=9 os_prio=2 tid=0x000000002dcee000 nid=0xd7dcc waiting on condition [0x0000000000000000]
   java.lang.Thread.State: RUNNABLE

"C2 CompilerThread1" #7 daemon prio=9 os_prio=2 tid=0x000000002dced000 nid=0x100278 runnable [0x0000000000000000]
   java.lang.Thread.State: RUNNABLE

"C2 CompilerThread0" #6 daemon prio=9 os_prio=2 tid=0x000000002dcf2000 nid=0x1046f0 runnable [0x0000000000000000]
   java.lang.Thread.State: RUNNABLE

"Attach Listener" #5 daemon prio=5 os_prio=2 tid=0x000000002dc95000 nid=0x40264 waiting on condition [0x0000000000000000]
   java.lang.Thread.State: RUNNABLE

"Signal Dispatcher" #4 daemon prio=9 os_prio=2 tid=0x000000002dc86800 nid=0x2a6a8 runnable [0x0000000000000000]
   java.lang.Thread.State: RUNNABLE

"Finalizer" #3 daemon prio=8 os_prio=1 tid=0x000000002dc81800 nid=0x30bb4 in Object.wait() [0x00000000328ef000]
   java.lang.Thread.State: WAITING (on object monitor)
	at java.lang.Object.wait(Native Method)
	- waiting on <0x00000006eab08ed0> (a java.lang.ref.ReferenceQueue$Lock)
	at java.lang.ref.ReferenceQueue.remove(ReferenceQueue.java:144)
	- locked <0x00000006eab08ed0> (a java.lang.ref.ReferenceQueue$Lock)
	at java.lang.ref.ReferenceQueue.remove(ReferenceQueue.java:165)
	at java.lang.ref.Finalizer$FinalizerThread.run(Finalizer.java:216)

"Reference Handler" #2 daemon prio=10 os_prio=2 tid=0x000000002b727800 nid=0xf69e0 in Object.wait() [0x00000000318ef000]
   java.lang.Thread.State: WAITING (on object monitor)
	at java.lang.Object.wait(Native Method)
	- waiting on <0x00000006eab06bf8> (a java.lang.ref.Reference$Lock)
	at java.lang.Object.wait(Object.java:502)
	at java.lang.ref.Reference.tryHandlePending(Reference.java:191)
	- locked <0x00000006eab06bf8> (a java.lang.ref.Reference$Lock)
	at java.lang.ref.Reference$ReferenceHandler.run(Reference.java:153)

"main" #1 prio=5 os_prio=0 tid=0x0000000002b43800 nid=0x16524 runnable [0x0000000002b3f000]
   java.lang.Thread.State: RUNNABLE
	at com.fasoo.engine.CheckerRunner.runHtmlCheckers(CheckerRunner.java:133)
	at com.fasoo.engine.CheckerRunner.runHtmlCheckers(CheckerRunner.java:262)
	at com.fasoo.HtmlCheckerEngine.main(HtmlCheckerEngine.java:27)

"VM Thread" os_prio=2 tid=0x000000002b724800 nid=0xa6af0 runnable 

"ParGC Thread#0" os_prio=0 tid=0x0000000002b59000 nid=0xa9398 runnable 

"ParGC Thread#1" os_prio=0 tid=0x0000000002b5a800 nid=0x46150 runnable 

"ParGC Thread#2" os_prio=0 tid=0x0000000002b5c000 nid=0xe5724 runnable 

"ParGC Thread#3" os_prio=0 tid=0x0000000002b5d800 nid=0x4ac60 runnable 

"ParGC Thread#4" os_prio=0 tid=0x0000000002b60000 nid=0x28944 runnable 

"ParGC Thread#5" os_prio=0 tid=0x0000000002b61000 nid=0xa3758 runnable 

"ParGC Thread#6" os_prio=0 tid=0x0000000002b65800 nid=0x17b74 runnable 

"ParGC Thread#7" os_prio=0 tid=0x0000000002b66800 nid=0xe2694 runnable 

"ParGC Thread#8" os_prio=0 tid=0x0000000002b67800 nid=0x34308 runnable 

"ParGC Thread#9" os_prio=0 tid=0x0000000002b69000 nid=0xc20ac runnable 

"ParGC Thread#10" os_prio=0 tid=0x0000000002b6a000 nid=0x3d414 runnable 

"ParGC Thread#11" os_prio=0 tid=0x0000000002b6d800 nid=0x7f3f8 runnable 

"ParGC Thread#12" os_prio=0 tid=0x0000000002b6e800 nid=0xae950 runnable 

"ParGC Thread#13" os_prio=0 tid=0x0000000002b6f800 nid=0x9535c runnable 

"ParGC Thread#14" os_prio=0 tid=0x0000000002b71000 nid=0x834e4 runnable 

"ParGC Thread#15" os_prio=0 tid=0x0000000002b72000 nid=0x5dff0 runnable 

"ParGC Thread#16" os_prio=0 tid=0x0000000002b78000 nid=0x65384 runnable 

"ParGC Thread#17" os_prio=0 tid=0x0000000002b81800 nid=0x62e18 runnable 

"ParGC Thread#18" os_prio=0 tid=0x0000000002b7d800 nid=0xb08a4 runnable 

"ParGC Thread#19" os_prio=0 tid=0x0000000002b7e000 nid=0x1000d4 runnable 

"ParGC Thread#20" os_prio=0 tid=0x0000000002b7f800 nid=0xd8984 runnable 

"ParGC Thread#21" os_prio=0 tid=0x0000000002b80000 nid=0x9450 runnable 

"ParGC Thread#22" os_prio=0 tid=0x0000000002b80800 nid=0xad900 runnable 

"VM Periodic Task Thread" os_prio=2 tid=0x000000002dcf0000 nid=0x550c0 waiting on condition 

JNI global references: 6

