2023-01-11 16:16:11
Full thread dump OpenJDK 64-Bit Server VM (25.212-b04 mixed mode):

"Service Thread" #21 daemon prio=9 os_prio=0 tid=0x000000002e53e800 nid=0x44b40 runnable [0x0000000000000000]
   java.lang.Thread.State: RUNNABLE

"C1 CompilerThread14" #20 daemon prio=9 os_prio=2 tid=0x000000002e4e3800 nid=0xb0a74 waiting on condition [0x0000000000000000]
   java.lang.Thread.State: RUNNABLE

"C1 CompilerThread13" #19 daemon prio=9 os_prio=2 tid=0x000000002e4de000 nid=0x56c24 waiting on condition [0x0000000000000000]
   java.lang.Thread.State: RUNNABLE

"C1 CompilerThread12" #18 daemon prio=9 os_prio=2 tid=0x000000002e4df800 nid=0x60088 waiting on condition [0x0000000000000000]
   java.lang.Thread.State: RUNNABLE

"C1 CompilerThread11" #17 daemon prio=9 os_prio=2 tid=0x000000002e4dc800 nid=0x23904 waiting on condition [0x0000000000000000]
   java.lang.Thread.State: RUNNABLE

"C1 CompilerThread10" #16 daemon prio=9 os_prio=2 tid=0x000000002e4cb800 nid=0xbbfc8 waiting on condition [0x0000000000000000]
   java.lang.Thread.State: RUNNABLE

"C2 CompilerThread9" #15 daemon prio=9 os_prio=2 tid=0x000000002e4b3000 nid=0xa2508 waiting on condition [0x0000000000000000]
   java.lang.Thread.State: RUNNABLE

"C2 CompilerThread8" #14 daemon prio=9 os_prio=2 tid=0x000000002e4ae800 nid=0x98b4c waiting on condition [0x0000000000000000]
   java.lang.Thread.State: RUNNABLE

"C2 CompilerThread7" #13 daemon prio=9 os_prio=2 tid=0x000000002e493800 nid=0xa8df4 waiting on condition [0x0000000000000000]
   java.lang.Thread.State: RUNNABLE

"C2 CompilerThread6" #12 daemon prio=9 os_prio=2 tid=0x000000002e483000 nid=0xc13a8 waiting on condition [0x0000000000000000]
   java.lang.Thread.State: RUNNABLE

"C2 CompilerThread5" #11 daemon prio=9 os_prio=2 tid=0x000000002e472000 nid=0xb1960 waiting on condition [0x0000000000000000]
   java.lang.Thread.State: RUNNABLE

"C2 CompilerThread4" #10 daemon prio=9 os_prio=2 tid=0x000000002be5e000 nid=0x5c08 waiting on condition [0x0000000000000000]
   java.lang.Thread.State: RUNNABLE

"C2 CompilerThread3" #9 daemon prio=9 os_prio=2 tid=0x000000002be5b000 nid=0x6348c waiting on condition [0x0000000000000000]
   java.lang.Thread.State: RUNNABLE

"C2 CompilerThread2" #8 daemon prio=9 os_prio=2 tid=0x000000002be58000 nid=0xf3d7c waiting on condition [0x0000000000000000]
   java.lang.Thread.State: RUNNABLE

"C2 CompilerThread1" #7 daemon prio=9 os_prio=2 tid=0x000000002e434800 nid=0xfe5a4 waiting on condition [0x0000000000000000]
   java.lang.Thread.State: RUNNABLE

"C2 CompilerThread0" #6 daemon prio=9 os_prio=2 tid=0x000000002e432000 nid=0xfa7b0 waiting on condition [0x0000000000000000]
   java.lang.Thread.State: RUNNABLE

"Attach Listener" #5 daemon prio=5 os_prio=2 tid=0x000000002e3dc000 nid=0x28688 waiting on condition [0x0000000000000000]
   java.lang.Thread.State: RUNNABLE

"Signal Dispatcher" #4 daemon prio=9 os_prio=2 tid=0x000000002e3c8800 nid=0xa22bc runnable [0x0000000000000000]
   java.lang.Thread.State: RUNNABLE

"Finalizer" #3 daemon prio=8 os_prio=1 tid=0x000000002e3bd000 nid=0x745a8 in Object.wait() [0x000000003301f000]
   java.lang.Thread.State: WAITING (on object monitor)
	at java.lang.Object.wait(Native Method)
	at java.lang.ref.ReferenceQueue.remove(ReferenceQueue.java:144)
	- locked <0x0000000540017db8> (a java.lang.ref.ReferenceQueue$Lock)
	at java.lang.ref.ReferenceQueue.remove(ReferenceQueue.java:165)
	at java.lang.ref.Finalizer$FinalizerThread.run(Finalizer.java:216)

"Reference Handler" #2 daemon prio=10 os_prio=2 tid=0x000000002e3b8000 nid=0x3aad0 in Object.wait() [0x000000003201f000]
   java.lang.Thread.State: WAITING (on object monitor)
	at java.lang.Object.wait(Native Method)
	at java.lang.Object.wait(Object.java:502)
	at java.lang.ref.Reference.tryHandlePending(Reference.java:191)
	- locked <0x000000054001f1f8> (a java.lang.ref.Reference$Lock)
	at java.lang.ref.Reference$ReferenceHandler.run(Reference.java:153)

"main" #1 prio=5 os_prio=0 tid=0x0000000003263800 nid=0xa632c runnable [0x000000000325d000]
   java.lang.Thread.State: RUNNABLE
	at java.io.FileInputStream.readBytes(Native Method)
	at java.io.FileInputStream.read(FileInputStream.java:255)
	at java.io.ObjectInputStream$PeekInputStream.read(ObjectInputStream.java:2663)
	at java.io.ObjectInputStream$BlockDataInputStream.read(ObjectInputStream.java:3080)
	at java.io.ObjectInputStream$BlockDataInputStream.readFully(ObjectInputStream.java:3104)
	at java.io.ObjectInputStream.defaultReadFields(ObjectInputStream.java:2276)
	at java.io.ObjectInputStream.defaultReadObject(ObjectInputStream.java:561)
	at java.util.ArrayList.readObject(ArrayList.java:783)
	at sun.reflect.GeneratedMethodAccessor2.invoke(Unknown Source)
	at sun.reflect.DelegatingMethodAccessorImpl.invoke(DelegatingMethodAccessorImpl.java:43)
	at java.lang.reflect.Method.invoke(Method.java:498)
	at java.io.ObjectStreamClass.invokeReadObject(ObjectStreamClass.java:1170)
	at java.io.ObjectInputStream.readSerialData(ObjectInputStream.java:2178)
	at java.io.ObjectInputStream.readOrdinaryObject(ObjectInputStream.java:2069)
	at java.io.ObjectInputStream.readObject0(ObjectInputStream.java:1573)
	at java.io.ObjectInputStream.defaultReadFields(ObjectInputStream.java:2287)
	at java.io.ObjectInputStream.readSerialData(ObjectInputStream.java:2211)
	at java.io.ObjectInputStream.readOrdinaryObject(ObjectInputStream.java:2069)
	at java.io.ObjectInputStream.readObject0(ObjectInputStream.java:1573)
	at java.io.ObjectInputStream.readObject(ObjectInputStream.java:431)
	at java.util.ArrayList.readObject(ArrayList.java:797)
	at sun.reflect.GeneratedMethodAccessor2.invoke(Unknown Source)
	at sun.reflect.DelegatingMethodAccessorImpl.invoke(DelegatingMethodAccessorImpl.java:43)
	at java.lang.reflect.Method.invoke(Method.java:498)
	at java.io.ObjectStreamClass.invokeReadObject(ObjectStreamClass.java:1170)
	at java.io.ObjectInputStream.readSerialData(ObjectInputStream.java:2178)
	at java.io.ObjectInputStream.readOrdinaryObject(ObjectInputStream.java:2069)
	at java.io.ObjectInputStream.readObject0(ObjectInputStream.java:1573)
	at java.io.ObjectInputStream.defaultReadFields(ObjectInputStream.java:2287)
	at java.io.ObjectInputStream.readSerialData(ObjectInputStream.java:2211)
	at java.io.ObjectInputStream.readOrdinaryObject(ObjectInputStream.java:2069)
	at java.io.ObjectInputStream.readObject0(ObjectInputStream.java:1573)
	at java.io.ObjectInputStream.readObject(ObjectInputStream.java:431)
	at java.util.ArrayList.readObject(ArrayList.java:797)
	at sun.reflect.GeneratedMethodAccessor2.invoke(Unknown Source)
	at sun.reflect.DelegatingMethodAccessorImpl.invoke(DelegatingMethodAccessorImpl.java:43)
	at java.lang.reflect.Method.invoke(Method.java:498)
	at java.io.ObjectStreamClass.invokeReadObject(ObjectStreamClass.java:1170)
	at java.io.ObjectInputStream.readSerialData(ObjectInputStream.java:2178)
	at java.io.ObjectInputStream.readOrdinaryObject(ObjectInputStream.java:2069)
	at java.io.ObjectInputStream.readObject0(ObjectInputStream.java:1573)
	at java.io.ObjectInputStream.defaultReadFields(ObjectInputStream.java:2287)
	at java.io.ObjectInputStream.readSerialData(ObjectInputStream.java:2211)
	at java.io.ObjectInputStream.readOrdinaryObject(ObjectInputStream.java:2069)
	at java.io.ObjectInputStream.readObject0(ObjectInputStream.java:1573)
	at java.io.ObjectInputStream.readObject(ObjectInputStream.java:431)
	at java.util.HashSet.readObject(HashSet.java:341)
	at sun.reflect.GeneratedMethodAccessor5.invoke(Unknown Source)
	at sun.reflect.DelegatingMethodAccessorImpl.invoke(DelegatingMethodAccessorImpl.java:43)
	at java.lang.reflect.Method.invoke(Method.java:498)
	at java.io.ObjectStreamClass.invokeReadObject(ObjectStreamClass.java:1170)
	at java.io.ObjectInputStream.readSerialData(ObjectInputStream.java:2178)
	at java.io.ObjectInputStream.readOrdinaryObject(ObjectInputStream.java:2069)
	at java.io.ObjectInputStream.readObject0(ObjectInputStream.java:1573)
	at java.io.ObjectInputStream.defaultReadFields(ObjectInputStream.java:2287)
	at java.io.ObjectInputStream.readSerialData(ObjectInputStream.java:2211)
	at java.io.ObjectInputStream.readOrdinaryObject(ObjectInputStream.java:2069)
	at java.io.ObjectInputStream.readObject0(ObjectInputStream.java:1573)
	at java.io.ObjectInputStream.defaultReadFields(ObjectInputStream.java:2287)
	at java.io.ObjectInputStream.readSerialData(ObjectInputStream.java:2211)
	at java.io.ObjectInputStream.readOrdinaryObject(ObjectInputStream.java:2069)
	at java.io.ObjectInputStream.readObject0(ObjectInputStream.java:1573)
	at java.io.ObjectInputStream.readObject(ObjectInputStream.java:431)
	at com.fasoo.jspconv.tools.fileinfo.JSPFileInfoLoader.load(JSPFileInfoLoader.java:29)
	at com.fasoo.javafinch.syn.target.SingleJSPTarget.loadJSPFileInfo(SingleJSPTarget.java:84)
	at com.fasoo.javafinch.syn.analyzer.Analyzer.analyzeFile(Analyzer.java:201)
	at com.fasoo.javafinch.syn.analyzer.Analyzer.analyzeFiles(Analyzer.java:156)
	at com.fasoo.javafinch.syn.analyzer.Analyzer.analyze(Analyzer.java:97)
	at com.fasoo.javafinch.syn.analyzer.JSPFinch.run(JSPFinch.java:26)
	at com.fasoo.javafinch.syn.analyzer.Finch.main(Finch.java:249)

"VM Thread" os_prio=2 tid=0x000000002be45000 nid=0x83e2c runnable 

"ParGC Thread#0" os_prio=0 tid=0x0000000003279000 nid=0x442c0 runnable 

"ParGC Thread#1" os_prio=0 tid=0x000000000327a800 nid=0xbbaa0 runnable 

"ParGC Thread#2" os_prio=0 tid=0x000000000327c800 nid=0xdecec runnable 

"ParGC Thread#3" os_prio=0 tid=0x000000000327e000 nid=0x57488 runnable 

"ParGC Thread#4" os_prio=0 tid=0x0000000003280000 nid=0xbd00 runnable 

"ParGC Thread#5" os_prio=0 tid=0x0000000003281800 nid=0x82768 runnable 

"ParGC Thread#6" os_prio=0 tid=0x0000000003285800 nid=0x84438 runnable 

"ParGC Thread#7" os_prio=0 tid=0x0000000003287000 nid=0xc3f94 runnable 

"ParGC Thread#8" os_prio=0 tid=0x0000000003288000 nid=0x67fb4 runnable 

"ParGC Thread#9" os_prio=0 tid=0x0000000003289000 nid=0xe3b88 runnable 

"ParGC Thread#10" os_prio=0 tid=0x000000000328a800 nid=0xbc0c4 runnable 

"ParGC Thread#11" os_prio=0 tid=0x000000000328d800 nid=0x35748 runnable 

"ParGC Thread#12" os_prio=0 tid=0x000000000328e800 nid=0x7de78 runnable 

"ParGC Thread#13" os_prio=0 tid=0x0000000003290000 nid=0xbead4 runnable 

"ParGC Thread#14" os_prio=0 tid=0x0000000003291000 nid=0xa6f54 runnable 

"ParGC Thread#15" os_prio=0 tid=0x0000000003292800 nid=0x6b7a0 runnable 

"ParGC Thread#16" os_prio=0 tid=0x0000000003298800 nid=0xc1aac runnable 

"ParGC Thread#17" os_prio=0 tid=0x00000000032a3800 nid=0xef688 runnable 

"ParGC Thread#18" os_prio=0 tid=0x000000000329e800 nid=0x10041c runnable 

"ParGC Thread#19" os_prio=0 tid=0x000000000329f000 nid=0xe5404 runnable 

"ParGC Thread#20" os_prio=0 tid=0x00000000032a1000 nid=0x90594 runnable 

"ParGC Thread#21" os_prio=0 tid=0x000000000329d800 nid=0xa4fec runnable 

"ParGC Thread#22" os_prio=0 tid=0x00000000032a1800 nid=0x84d0 runnable 

"VM Periodic Task Thread" os_prio=2 tid=0x000000002e51d800 nid=0x51efc waiting on condition 

JNI global references: 238

