2023-01-11 15:58:20
Full thread dump OpenJDK 64-Bit Server VM (25.212-b04 mixed mode):

"Service Thread" #21 daemon prio=9 os_prio=0 tid=0x000000002e3e9000 nid=0x7d370 runnable [0x0000000000000000]
   java.lang.Thread.State: RUNNABLE

"C1 CompilerThread14" #20 daemon prio=9 os_prio=2 tid=0x000000002e385000 nid=0x7fd8 waiting on condition [0x0000000000000000]
   java.lang.Thread.State: RUNNABLE

"C1 CompilerThread13" #19 daemon prio=9 os_prio=2 tid=0x000000002e385800 nid=0xa5320 waiting on condition [0x0000000000000000]
   java.lang.Thread.State: RUNNABLE

"C1 CompilerThread12" #18 daemon prio=9 os_prio=2 tid=0x000000002e384000 nid=0x10ed8 waiting on condition [0x0000000000000000]
   java.lang.Thread.State: RUNNABLE

"C1 CompilerThread11" #17 daemon prio=9 os_prio=2 tid=0x000000002e383000 nid=0xe7414 waiting on condition [0x0000000000000000]
   java.lang.Thread.State: RUNNABLE

"C1 CompilerThread10" #16 daemon prio=9 os_prio=2 tid=0x000000002e382800 nid=0xe8c28 waiting on condition [0x0000000000000000]
   java.lang.Thread.State: RUNNABLE

"C2 CompilerThread9" #15 daemon prio=9 os_prio=2 tid=0x000000002e386800 nid=0x4b00c waiting on condition [0x0000000000000000]
   java.lang.Thread.State: RUNNABLE

"C2 CompilerThread8" #14 daemon prio=9 os_prio=2 tid=0x000000002e388800 nid=0x30360 waiting on condition [0x0000000000000000]
   java.lang.Thread.State: RUNNABLE

"C2 CompilerThread7" #13 daemon prio=9 os_prio=2 tid=0x000000002e367000 nid=0xc8344 waiting on condition [0x0000000000000000]
   java.lang.Thread.State: RUNNABLE

"C2 CompilerThread6" #12 daemon prio=9 os_prio=2 tid=0x000000002e35b800 nid=0x86530 waiting on condition [0x0000000000000000]
   java.lang.Thread.State: RUNNABLE

"C2 CompilerThread5" #11 daemon prio=9 os_prio=2 tid=0x000000002e347000 nid=0xd2a54 waiting on condition [0x0000000000000000]
   java.lang.Thread.State: RUNNABLE

"C2 CompilerThread4" #10 daemon prio=9 os_prio=2 tid=0x000000002e325000 nid=0x67e78 waiting on condition [0x0000000000000000]
   java.lang.Thread.State: RUNNABLE

"C2 CompilerThread3" #9 daemon prio=9 os_prio=2 tid=0x000000002bd2c000 nid=0xcc830 waiting on condition [0x0000000000000000]
   java.lang.Thread.State: RUNNABLE

"C2 CompilerThread2" #8 daemon prio=9 os_prio=2 tid=0x000000002bd29000 nid=0x1508c waiting on condition [0x0000000000000000]
   java.lang.Thread.State: RUNNABLE

"C2 CompilerThread1" #7 daemon prio=9 os_prio=2 tid=0x000000002e2f4800 nid=0x6c4c8 waiting on condition [0x0000000000000000]
   java.lang.Thread.State: RUNNABLE

"C2 CompilerThread0" #6 daemon prio=9 os_prio=2 tid=0x000000002e2f3000 nid=0x96ac0 waiting on condition [0x0000000000000000]
   java.lang.Thread.State: RUNNABLE

"Attach Listener" #5 daemon prio=5 os_prio=2 tid=0x000000002e29c000 nid=0x8e9a8 waiting on condition [0x0000000000000000]
   java.lang.Thread.State: RUNNABLE

"Signal Dispatcher" #4 daemon prio=9 os_prio=2 tid=0x000000002e286800 nid=0x2b7c runnable [0x0000000000000000]
   java.lang.Thread.State: RUNNABLE

"Finalizer" #3 daemon prio=8 os_prio=1 tid=0x000000002e27e000 nid=0xfda68 in Object.wait() [0x0000000032ebf000]
   java.lang.Thread.State: WAITING (on object monitor)
	at java.lang.Object.wait(Native Method)
	at java.lang.ref.ReferenceQueue.remove(ReferenceQueue.java:144)
	- locked <0x0000000540053700> (a java.lang.ref.ReferenceQueue$Lock)
	at java.lang.ref.ReferenceQueue.remove(ReferenceQueue.java:165)
	at java.lang.ref.Finalizer$FinalizerThread.run(Finalizer.java:216)

"Reference Handler" #2 daemon prio=10 os_prio=2 tid=0x000000002e278000 nid=0x1c52c in Object.wait() [0x0000000031ebf000]
   java.lang.Thread.State: WAITING (on object monitor)
	at java.lang.Object.wait(Native Method)
	at java.lang.Object.wait(Object.java:502)
	at java.lang.ref.Reference.tryHandlePending(Reference.java:191)
	- locked <0x0000000540056c28> (a java.lang.ref.Reference$Lock)
	at java.lang.ref.Reference$ReferenceHandler.run(Reference.java:153)

"main" #1 prio=5 os_prio=0 tid=0x0000000003133800 nid=0x45cac runnable [0x000000000312e000]
   java.lang.Thread.State: RUNNABLE
	at java.io.FileInputStream.open0(Native Method)
	at java.io.FileInputStream.open(FileInputStream.java:195)
	at java.io.FileInputStream.<init>(FileInputStream.java:138)
	at java.io.FileInputStream.<init>(FileInputStream.java:93)
	at com.fasoo.jschk.file.JsFileContentReader.readContents(JsFileContentReader.java:76)
	at com.fasoo.jschk.file.JsFileContentReader.read(JsFileContentReader.java:221)
	at com.fasoo.synz.framework.analyzer.TargetAnalyzer.analyze(TargetAnalyzer.java:120)
	at com.fasoo.synz.framework.analyzer.TargetSetAnalyzer.launchTargetAnalyzer(TargetSetAnalyzer.java:115)
	at com.fasoo.synz.framework.analyzer.TargetSetAnalyzer.analyze(TargetSetAnalyzer.java:177)
	at com.fasoo.synz.framework.analyzer.Analyzer.launchTargetSetAnalayzer(Analyzer.java:166)
	at com.fasoo.synz.framework.analyzer.Analyzer.analyze(Analyzer.java:271)
	at com.fasoo.synz.framework.analyzer.AnalyzerLauncher.launch(AnalyzerLauncher.java:237)
	at com.fasoo.jschk.JavascriptChecker.run(JavascriptChecker.java:74)
	at com.fasoo.jschk.JavascriptChecker.main(JavascriptChecker.java:96)

"VM Thread" os_prio=2 tid=0x000000002bd14800 nid=0xeb0f0 runnable 

"ParGC Thread#0" os_prio=0 tid=0x0000000003149000 nid=0x31dd4 runnable 

"ParGC Thread#1" os_prio=0 tid=0x000000000314a800 nid=0xea72c runnable 

"ParGC Thread#2" os_prio=0 tid=0x000000000314c000 nid=0x41f8 runnable 

"ParGC Thread#3" os_prio=0 tid=0x000000000314e000 nid=0x5798c runnable 

"ParGC Thread#4" os_prio=0 tid=0x0000000003150000 nid=0x3a3c8 runnable 

"ParGC Thread#5" os_prio=0 tid=0x0000000003152800 nid=0xe2d24 runnable 

"ParGC Thread#6" os_prio=0 tid=0x0000000003155800 nid=0x87a7c runnable 

"ParGC Thread#7" os_prio=0 tid=0x0000000003156800 nid=0x60cf0 runnable 

"ParGC Thread#8" os_prio=0 tid=0x0000000003158000 nid=0x8170 runnable 

"ParGC Thread#9" os_prio=0 tid=0x0000000003159000 nid=0x465cc runnable 

"ParGC Thread#10" os_prio=0 tid=0x000000000315a800 nid=0x31fdc runnable 

"ParGC Thread#11" os_prio=0 tid=0x000000000315d800 nid=0x3b370 runnable 

"ParGC Thread#12" os_prio=0 tid=0x000000000315e800 nid=0x3ff60 runnable 

"ParGC Thread#13" os_prio=0 tid=0x0000000003160000 nid=0x25ba4 runnable 

"ParGC Thread#14" os_prio=0 tid=0x0000000003161000 nid=0x104b3c runnable 

"ParGC Thread#15" os_prio=0 tid=0x0000000003162000 nid=0x46a08 runnable 

"ParGC Thread#16" os_prio=0 tid=0x0000000003168000 nid=0x7e54 runnable 

"ParGC Thread#17" os_prio=0 tid=0x0000000003173000 nid=0x9f9cc runnable 

"ParGC Thread#18" os_prio=0 tid=0x0000000003172000 nid=0x2935c runnable 

"ParGC Thread#19" os_prio=0 tid=0x0000000003173800 nid=0x1697c runnable 

"ParGC Thread#20" os_prio=0 tid=0x000000000316d000 nid=0x8d69c runnable 

"ParGC Thread#21" os_prio=0 tid=0x0000000003174000 nid=0xeea8c runnable 

"ParGC Thread#22" os_prio=0 tid=0x0000000003171000 nid=0xb0dd8 runnable 

"VM Periodic Task Thread" os_prio=2 tid=0x000000002e2f7000 nid=0x14abc waiting on condition 

JNI global references: 288

