2023-01-11 15:48:21
Full thread dump OpenJDK 64-Bit Server VM (25.212-b04 mixed mode):

"Service Thread" #21 daemon prio=9 os_prio=0 tid=0x000000002e700800 nid=0xc9818 runnable [0x0000000000000000]
   java.lang.Thread.State: RUNNABLE

"C1 CompilerThread14" #20 daemon prio=9 os_prio=2 tid=0x000000002e6ae000 nid=0xcafbc waiting on condition [0x0000000000000000]
   java.lang.Thread.State: RUNNABLE

"C1 CompilerThread13" #19 daemon prio=9 os_prio=2 tid=0x000000002e6b2800 nid=0x8932c waiting on condition [0x0000000000000000]
   java.lang.Thread.State: RUNNABLE

"C1 CompilerThread12" #18 daemon prio=9 os_prio=2 tid=0x000000002e6ad000 nid=0x6dc50 waiting on condition [0x0000000000000000]
   java.lang.Thread.State: RUNNABLE

"C1 CompilerThread11" #17 daemon prio=9 os_prio=2 tid=0x000000002e6af800 nid=0xea294 waiting on condition [0x0000000000000000]
   java.lang.Thread.State: RUNNABLE

"C1 CompilerThread10" #16 daemon prio=9 os_prio=2 tid=0x000000002e6ae800 nid=0xf4ac8 waiting on condition [0x0000000000000000]
   java.lang.Thread.State: RUNNABLE

"C2 CompilerThread9" #15 daemon prio=9 os_prio=2 tid=0x000000002e69a800 nid=0x37588 waiting on condition [0x0000000000000000]
   java.lang.Thread.State: RUNNABLE

"C2 CompilerThread8" #14 daemon prio=9 os_prio=2 tid=0x000000002e68e800 nid=0x22730 waiting on condition [0x0000000000000000]
   java.lang.Thread.State: RUNNABLE

"C2 CompilerThread7" #13 daemon prio=9 os_prio=2 tid=0x000000002e673800 nid=0x81fdc waiting on condition [0x0000000000000000]
   java.lang.Thread.State: RUNNABLE

"C2 CompilerThread6" #12 daemon prio=9 os_prio=2 tid=0x000000002e653000 nid=0x36b24 waiting on condition [0x0000000000000000]
   java.lang.Thread.State: RUNNABLE

"C2 CompilerThread5" #11 daemon prio=9 os_prio=2 tid=0x000000002e64a000 nid=0xfe928 waiting on condition [0x0000000000000000]
   java.lang.Thread.State: RUNNABLE

"C2 CompilerThread4" #10 daemon prio=9 os_prio=2 tid=0x000000002c04e000 nid=0x12ac8 waiting on condition [0x0000000000000000]
   java.lang.Thread.State: RUNNABLE

"C2 CompilerThread3" #9 daemon prio=9 os_prio=2 tid=0x000000002c04b000 nid=0x5b454 waiting on condition [0x0000000000000000]
   java.lang.Thread.State: RUNNABLE

"C2 CompilerThread2" #8 daemon prio=9 os_prio=2 tid=0x000000002c048000 nid=0xd9c94 waiting on condition [0x0000000000000000]
   java.lang.Thread.State: RUNNABLE

"C2 CompilerThread1" #7 daemon prio=9 os_prio=2 tid=0x000000002e614800 nid=0xdcd20 waiting on condition [0x0000000000000000]
   java.lang.Thread.State: RUNNABLE

"C2 CompilerThread0" #6 daemon prio=9 os_prio=2 tid=0x000000002e613000 nid=0x87298 waiting on condition [0x0000000000000000]
   java.lang.Thread.State: RUNNABLE

"Attach Listener" #5 daemon prio=5 os_prio=2 tid=0x000000002e5bc000 nid=0xd174c waiting on condition [0x0000000000000000]
   java.lang.Thread.State: RUNNABLE

"Signal Dispatcher" #4 daemon prio=9 os_prio=2 tid=0x000000002e5a6800 nid=0x6a850 runnable [0x0000000000000000]
   java.lang.Thread.State: RUNNABLE

"Finalizer" #3 daemon prio=8 os_prio=1 tid=0x000000002e59d000 nid=0xb1f7c in Object.wait() [0x000000003321e000]
   java.lang.Thread.State: WAITING (on object monitor)
	at java.lang.Object.wait(Native Method)
	- waiting on <0x00000006eab08ed0> (a java.lang.ref.ReferenceQueue$Lock)
	at java.lang.ref.ReferenceQueue.remove(ReferenceQueue.java:144)
	- locked <0x00000006eab08ed0> (a java.lang.ref.ReferenceQueue$Lock)
	at java.lang.ref.ReferenceQueue.remove(ReferenceQueue.java:165)
	at java.lang.ref.Finalizer$FinalizerThread.run(Finalizer.java:216)

"Reference Handler" #2 daemon prio=10 os_prio=2 tid=0x000000002e598000 nid=0x73fd4 in Object.wait() [0x000000003221f000]
   java.lang.Thread.State: WAITING (on object monitor)
	at java.lang.Object.wait(Native Method)
	- waiting on <0x00000006eab06bf8> (a java.lang.ref.Reference$Lock)
	at java.lang.Object.wait(Object.java:502)
	at java.lang.ref.Reference.tryHandlePending(Reference.java:191)
	- locked <0x00000006eab06bf8> (a java.lang.ref.Reference$Lock)
	at java.lang.ref.Reference$ReferenceHandler.run(Reference.java:153)

"main" #1 prio=5 os_prio=0 tid=0x0000000003453800 nid=0xaa2a8 runnable [0x000000000344a000]
   java.lang.Thread.State: RUNNABLE
	at java.util.zip.ZipFile.open(Native Method)
	at java.util.zip.ZipFile.<init>(ZipFile.java:230)
	at java.util.zip.ZipFile.<init>(ZipFile.java:160)
	at java.util.jar.JarFile.<init>(JarFile.java:166)
	at java.util.jar.JarFile.<init>(JarFile.java:103)
	at sun.misc.URLClassPath$JarLoader.getJarFile(URLClassPath.java:940)
	at sun.misc.URLClassPath$JarLoader.access$800(URLClassPath.java:801)
	at sun.misc.URLClassPath$JarLoader$1.run(URLClassPath.java:886)
	at sun.misc.URLClassPath$JarLoader$1.run(URLClassPath.java:879)
	at java.security.AccessController.doPrivileged(Native Method)
	at sun.misc.URLClassPath$JarLoader.ensureOpen(URLClassPath.java:878)
	at sun.misc.URLClassPath$JarLoader.<init>(URLClassPath.java:851)
	at sun.misc.URLClassPath$3.run(URLClassPath.java:575)
	at sun.misc.URLClassPath$3.run(URLClassPath.java:565)
	at java.security.AccessController.doPrivileged(Native Method)
	at sun.misc.URLClassPath.getLoader(URLClassPath.java:564)
	at sun.misc.URLClassPath.getLoader(URLClassPath.java:529)
	- locked <0x00000006eab9cf58> (a sun.misc.URLClassPath)
	at sun.misc.URLClassPath.getNextLoader(URLClassPath.java:494)
	- locked <0x00000006eab9cf58> (a sun.misc.URLClassPath)
	at sun.misc.URLClassPath.getResource(URLClassPath.java:248)
	at java.net.URLClassLoader$1.run(URLClassLoader.java:366)
	at java.net.URLClassLoader$1.run(URLClassLoader.java:363)
	at java.security.AccessController.doPrivileged(Native Method)
	at java.net.URLClassLoader.findClass(URLClassLoader.java:362)
	at java.lang.ClassLoader.loadClass(ClassLoader.java:424)
	- locked <0x00000006ead91610> (a java.lang.Object)
	at sun.misc.Launcher$AppClassLoader.loadClass(Launcher.java:349)
	at java.lang.ClassLoader.loadClass(ClassLoader.java:357)
	at com.fasoo.phpchk.analyzer.PHPAnalyzer.<init>(PHPAnalyzer.java:38)
	at com.fasoo.phpchk.analyzer.PHPAnalyzer.<init>(PHPAnalyzer.java:61)
	at com.fasoo.phpchk.PHPChecker.run(PHPChecker.java:215)
	at com.fasoo.phpchk.PHPChecker.main(PHPChecker.java:236)

"VM Thread" os_prio=2 tid=0x000000002c034800 nid=0x98018 runnable 

"ParGC Thread#0" os_prio=0 tid=0x0000000003469000 nid=0xa2d74 runnable 

"ParGC Thread#1" os_prio=0 tid=0x000000000346a800 nid=0x85f68 runnable 

"ParGC Thread#2" os_prio=0 tid=0x000000000346c000 nid=0x52198 runnable 

"ParGC Thread#3" os_prio=0 tid=0x000000000346e000 nid=0x1169c runnable 

"ParGC Thread#4" os_prio=0 tid=0x0000000003470000 nid=0x8a810 runnable 

"ParGC Thread#5" os_prio=0 tid=0x0000000003472000 nid=0xc821c runnable 

"ParGC Thread#6" os_prio=0 tid=0x0000000003475800 nid=0x8e17c runnable 

"ParGC Thread#7" os_prio=0 tid=0x0000000003476800 nid=0xf0b60 runnable 

"ParGC Thread#8" os_prio=0 tid=0x0000000003478000 nid=0x17cb8 runnable 

"ParGC Thread#9" os_prio=0 tid=0x0000000003479000 nid=0xdfb08 runnable 

"ParGC Thread#10" os_prio=0 tid=0x000000000347a000 nid=0x692c8 runnable 

"ParGC Thread#11" os_prio=0 tid=0x000000000347d800 nid=0xbaeb4 runnable 

"ParGC Thread#12" os_prio=0 tid=0x000000000347e800 nid=0xcb6b4 runnable 

"ParGC Thread#13" os_prio=0 tid=0x0000000003480000 nid=0xf72c8 runnable 

"ParGC Thread#14" os_prio=0 tid=0x0000000003481000 nid=0xe5ac0 runnable 

"ParGC Thread#15" os_prio=0 tid=0x0000000003482000 nid=0xc698c runnable 

"ParGC Thread#16" os_prio=0 tid=0x0000000003488000 nid=0xe4110 runnable 

"ParGC Thread#17" os_prio=0 tid=0x0000000003490000 nid=0x57b04 runnable 

"ParGC Thread#18" os_prio=0 tid=0x0000000003491000 nid=0xa75d0 runnable 

"ParGC Thread#19" os_prio=0 tid=0x000000000348d800 nid=0xe74cc runnable 

"ParGC Thread#20" os_prio=0 tid=0x000000000348e000 nid=0x48080 runnable 

"ParGC Thread#21" os_prio=0 tid=0x0000000003491800 nid=0xfd5bc runnable 

"ParGC Thread#22" os_prio=0 tid=0x000000000348f800 nid=0x8d71c runnable 

"VM Periodic Task Thread" os_prio=2 tid=0x000000002c04e800 nid=0xa670c waiting on condition 

JNI global references: 5

